<?xml version="1.0" encoding="UTF-8" ?>
<testsuite failures="0" time="4.415" errors="1" skipped="0" tests="1" name="com.lollipopmedia.shipflow.inflow.InflowOrderDaoTest">
  <properties>
[...]
</properties>
  <testcase time="2.882" classname="com.lollipopmedia.shipflow.inflow.InflowOrderDaoTest" name="testUpdateInflow">
    <error message="StatementCallback; SQL [INSERT INTO BASE_InventoryLogBatch (BatchDate, TransactionDate,BatchType,RecordId ,Remarks,CreatedUserId,CreatedDttm) VALUES (&apos;2013-05-12 17:52:42&apos;,&apos;2013-05-12 17:52:42&apos;,1,NULL,&apos;&apos;,100,&apos;2013-05-12 17:52:42)]; Invalid SQL statement or JDBC escape, terminating &apos;&apos;&apos; not found.; nested exception is java.sql.SQLException: Invalid SQL statement or JDBC escape, terminating &apos;&apos;&apos; not found." type="org.springframework.dao.DataIntegrityViolationException">org.springframework.dao.DataIntegrityViolationException: StatementCallback; SQL [INSERT INTO BASE_InventoryLogBatch (BatchDate, TransactionDate,BatchType,RecordId ,Remarks,CreatedUserId,CreatedDttm) VALUES (&apos;2013-05-12 17:52:42&apos;,&apos;2013-05-12 17:52:42&apos;,1,NULL,&apos;&apos;,100,&apos;2013-05-12 17:52:42)]; Invalid SQL statement or JDBC escape, terminating &apos;&apos;&apos; not found.; nested exception is java.sql.SQLException: Invalid SQL statement or JDBC escape, terminating &apos;&apos;&apos; not found.
	at org.springframework.jdbc.support.SQLStateSQLExceptionTranslator.doTranslate(SQLStateSQLExceptionTranslator.java:100)
	at org.springframework.jdbc.support.AbstractFallbackSQLExceptionTranslator.translate(AbstractFallbackSQLExceptionTranslator.java:72)
	at org.springframework.jdbc.support.AbstractFallbackSQLExceptionTranslator.translate(AbstractFallbackSQLExceptionTranslator.java:80)
	at org.springframework.jdbc.support.AbstractFallbackSQLExceptionTranslator.translate(AbstractFallbackSQLExceptionTranslator.java:80)
	at org.springframework.jdbc.core.JdbcTemplate.execute(JdbcTemplate.java:407)
	at org.springframework.jdbc.core.JdbcTemplate.update(JdbcTemplate.java:522)
	at com.lollipopmedia.shipflow.inflow.InflowOrderDao.updateInventoryLogBatch(InflowOrderDao.java:162)
	at com.lollipopmedia.shipflow.inflow.InflowOrderDao.updateInflow(InflowOrderDao.java:61)
	at com.lollipopmedia.shipflow.inflow.InflowOrderDaoTest.testUpdateInflow(InflowOrderDaoTest.java:30)
	at sun.reflect.NativeMethodAccessorImpl.invoke0(Native Method)
	at sun.reflect.NativeMethodAccessorImpl.invoke(NativeMethodAccessorImpl.java:57)
	at sun.reflect.DelegatingMethodAccessorImpl.invoke(DelegatingMethodAccessorImpl.java:43)
	at java.lang.reflect.Method.invoke(Method.java:601)
	at org.springframework.test.context.junit4.SpringTestMethod.invoke(SpringTestMethod.java:198)
	at org.springframework.test.context.junit4.SpringMethodRoadie.runTestMethod(SpringMethodRoadie.java:274)
	at org.springframework.test.context.junit4.SpringMethodRoadie$2.run(SpringMethodRoadie.java:207)
	at org.springframework.test.context.junit4.SpringMethodRoadie.runBeforesThenTestThenAfters(SpringMethodRoadie.java:254)
	at org.springframework.test.context.junit4.SpringMethodRoadie.runWithRepetitions(SpringMethodRoadie.java:234)
	at org.springframework.test.context.junit4.SpringMethodRoadie.runTest(SpringMethodRoadie.java:204)
	at org.springframework.test.context.junit4.SpringMethodRoadie.run(SpringMethodRoadie.java:146)
	at org.springframework.test.context.junit4.SpringJUnit4ClassRunner.invokeTestMethod(SpringJUnit4ClassRunner.java:151)
	at org.junit.internal.runners.JUnit4ClassRunner.runMethods(JUnit4ClassRunner.java:51)
	at org.junit.internal.runners.JUnit4ClassRunner$1.run(JUnit4ClassRunner.java:44)
	at org.junit.internal.runners.ClassRoadie.runUnprotected(ClassRoadie.java:27)
	at org.junit.internal.runners.ClassRoadie.runProtected(ClassRoadie.java:37)
	at org.junit.internal.runners.JUnit4ClassRunner.run(JUnit4ClassRunner.java:42)
	at org.apache.maven.surefire.junit4.JUnit4TestSet.execute(JUnit4TestSet.java:53)
	at org.apache.maven.surefire.junit4.JUnit4Provider.executeTestSet(JUnit4Provider.java:123)
	at org.apache.maven.surefire.junit4.JUnit4Provider.invoke(JUnit4Provider.java:104)
	at sun.reflect.NativeMethodAccessorImpl.invoke0(Native Method)
	at sun.reflect.NativeMethodAccessorImpl.invoke(NativeMethodAccessorImpl.java:57)
	at sun.reflect.DelegatingMethodAccessorImpl.invoke(DelegatingMethodAccessorImpl.java:43)
	at java.lang.reflect.Method.invoke(Method.java:601)
	at org.apache.maven.surefire.util.ReflectionUtils.invokeMethodWithArray(ReflectionUtils.java:164)
	at org.apache.maven.surefire.booter.ProviderFactory$ProviderProxy.invoke(ProviderFactory.java:110)
	at org.apache.maven.surefire.booter.SurefireStarter.invokeProvider(SurefireStarter.java:175)
	at org.apache.maven.surefire.booter.SurefireStarter.runSuitesInProcessWhenForked(SurefireStarter.java:107)
	at org.apache.maven.surefire.booter.ForkedBooter.main(ForkedBooter.java:68)
Caused by: java.sql.SQLException: Invalid SQL statement or JDBC escape, terminating &apos;&apos;&apos; not found.
	at net.sourceforge.jtds.jdbc.SQLParser.parse(SQLParser.java:1262)
	at net.sourceforge.jtds.jdbc.SQLParser.parse(SQLParser.java:156)
	at net.sourceforge.jtds.jdbc.JtdsStatement.executeImpl(JtdsStatement.java:762)
	at net.sourceforge.jtds.jdbc.JtdsStatement.executeUpdate(JtdsStatement.java:1288)
	at net.sourceforge.jtds.jdbc.JtdsStatement.executeUpdate(JtdsStatement.java:1241)
	at org.springframework.jdbc.core.JdbcTemplate$1UpdateStatementCallback.doInStatement(JdbcTemplate.java:512)
	at org.springframework.jdbc.core.JdbcTemplate.execute(JdbcTemplate.java:396)
	... 33 more
</error>
    <system-err>SLF4J: Failed to load class &quot;org.slf4j.impl.StaticLoggerBinder&quot;.
SLF4J: Defaulting to no-operation (NOP) logger implementation
SLF4J: See http://www.slf4j.org/codes.html#StaticLoggerBinder for further details.
</system-err>
  </testcase>
</testsuite>